<?xml version="1.0" encoding="UTF-8"?>
<testsuite name="org.example.CalculatorTest" tests="4" skipped="0" failures="0" errors="0" timestamp="2024-02-07T15:38:41" hostname="DESKTOP-DKU5PQF" time="0.053">
  <properties/>
  <testcase name="subtract()" classname="org.example.CalculatorTest" time="0.042"/>
  <testcase name="divide()" classname="org.example.CalculatorTest" time="0.002"/>
  <testcase name="metoda add wĹ‚asna nazwa" classname="org.example.CalculatorTest" time="0.001"/>
  <testcase name="multiply()" classname="org.example.CalculatorTest" time="0.002"/>
  <system-out><![CDATA[]]></system-out>
  <system-err><![CDATA[]]></system-err>
</testsuite>
